<?xml version="1.0" encoding="UTF-8"?>
<testng-results skipped="0" failed="0" ignored="0" total="1" passed="1">
  <reporter-output>
  </reporter-output>
  <suite name="Default suite" duration-ms="14053" started-at="2018-06-22T21:55:15Z" finished-at="2018-06-22T21:55:29Z">
    <groups>
    </groups>
    <test name="Default test" duration-ms="14053" started-at="2018-06-22T21:55:15Z" finished-at="2018-06-22T21:55:29Z">
      <class name="com.prestashop.tests.LogInPositiveScenarios">
        <test-method status="PASS" signature="goTo()[pri:0, instance:com.prestashop.tests.LogInPositiveScenarios@655ef322]" name="goTo" is-config="true" duration-ms="3492" started-at="2018-06-22T21:55:15Z" finished-at="2018-06-22T21:55:18Z">
          <reporter-output>
          </reporter-output>
        </test-method> <!-- goTo -->
        <test-method status="PASS" signature="loginTest()[pri:0, instance:com.prestashop.tests.LogInPositiveScenarios@655ef322]" name="loginTest" duration-ms="9794" started-at="2018-06-22T21:55:18Z" finished-at="2018-06-22T21:55:28Z">
          <reporter-output>
          </reporter-output>
        </test-method> <!-- loginTest -->
        <test-method status="PASS" signature="tearDovnClass()[pri:0, instance:com.prestashop.tests.LogInPositiveScenarios@655ef322]" name="tearDovnClass" is-config="true" duration-ms="664" started-at="2018-06-22T21:55:28Z" finished-at="2018-06-22T21:55:29Z">
          <reporter-output>
          </reporter-output>
        </test-method> <!-- tearDovnClass -->
      </class> <!-- com.prestashop.tests.LogInPositiveScenarios -->
    </test> <!-- Default test -->
  </suite> <!-- Default suite -->
</testng-results>
